<?xml version="1.0" encoding="UTF-8"?>
<!-- Generated by org.testng.reporters.JUnitReportReporter -->
<testsuite hostname="DESKTOP-Q25I2FE" name="NewTest" tests="1" failures="0" timestamp="6 Oct 2018 16:08:08 GMT" time="0.031" errors="0">
  <testcase name="f" time="0.031" classname="NewTest"/>
</testsuite> <!-- NewTest -->
