<?xml version="1.0" encoding="UTF-8"?>
<!-- Generated by org.testng.reporters.JUnitReportReporter -->
<testsuite hostname="DESKTOP-Q25I2FE" name="Social.twitter.NewTest" tests="1" failures="0" timestamp="6 Oct 2018 16:08:08 GMT" time="20.732" errors="0">
  <testcase name="openMyBlog" time="20.732" classname="Social.twitter.NewTest"/>
</testsuite> <!-- Social.twitter.NewTest -->
