<?xml version="1.0" encoding="UTF-8"?>
<!-- Generated by org.testng.reporters.JUnitReportReporter -->
<testsuite hostname="DESKTOP-Q25I2FE" name="Social.twitter.NewTest" tests="1" failures="0" timestamp="6 Oct 2018 15:25:00 GMT" time="25.814" errors="0">
  <testcase name="openMyBlog" time="25.814" classname="Social.twitter.NewTest"/>
</testsuite> <!-- Social.twitter.NewTest -->
