<?xml version="1.0" encoding="UTF-8"?>
<!-- Generated by org.testng.reporters.JUnitReportReporter -->
<testsuite hostname="DESKTOP-Q25I2FE" name="Social.twitter.testng" tests="1" failures="0" timestamp="4 Oct 2018 02:59:24 GMT" time="0.060" errors="0">
  <testcase name="LoginPage" time="0.060" classname="Social.twitter.testng"/>
</testsuite> <!-- Social.twitter.testng -->
