<?xml version="1.0" encoding="UTF-8"?>
<!-- Generated by org.testng.reporters.JUnitReportReporter -->
<testsuite hostname="DESKTOP-Q25I2FE" name="Social.twitter.AppTest" tests="1" failures="0" timestamp="6 Oct 2018 16:08:09 GMT" time="0.016" errors="0">
  <testcase name="testApp" time="0.016" classname="Social.twitter.AppTest"/>
</testsuite> <!-- Social.twitter.AppTest -->
